app/build/outputs/mapping/release/seeds.txt
com.wubydax.romcontrol.v2.AboutActivity
com.wubydax.romcontrol.v2.AboutActivity: AboutActivity()
com.wubydax.romcontrol.v2.AboutActivity: void onClick(android.view.View)
com.wubydax.romcontrol.v2.MainActivity
com.wubydax.romcontrol.v2.MainActivity: MainActivity()
com.wubydax.romcontrol.v2.MyApp
com.wubydax.romcontrol.v2.MyApp: MyApp()
com.wubydax.romcontrol.v2.PrefsFragment$1: void onClick(android.view.View)
com.wubydax.romcontrol.v2.R$anim: int abc_fade_in
com.wubydax.romcontrol.v2.R$anim: int abc_fade_out
com.wubydax.romcontrol.v2.R$anim: int abc_grow_fade_in_from_bottom
com.wubydax.romcontrol.v2.R$anim: int abc_popup_enter
com.wubydax.romcontrol.v2.R$anim: int abc_popup_exit
com.wubydax.romcontrol.v2.R$anim: int abc_shrink_fade_out_from_bottom
com.wubydax.romcontrol.v2.R$anim: int abc_slide_in_bottom
com.wubydax.romcontrol.v2.R$anim: int abc_slide_in_top
com.wubydax.romcontrol.v2.R$anim: int abc_slide_out_bottom
com.wubydax.romcontrol.v2.R$anim: int abc_slide_out_top
com.wubydax.romcontrol.v2.R$anim: int design_appbar_state_list_animator
com.wubydax.romcontrol.v2.R$anim: int design_bottom_sheet_slide_in
com.wubydax.romcontrol.v2.R$anim: int design_bottom_sheet_slide_out
com.wubydax.romcontrol.v2.R$anim: int design_fab_in
com.wubydax.romcontrol.v2.R$anim: int design_fab_out
com.wubydax.romcontrol.v2.R$anim: int design_snackbar_in
com.wubydax.romcontrol.v2.R$anim: int design_snackbar_out
com.wubydax.romcontrol.v2.R$anim: int fade_in
com.wubydax.romcontrol.v2.R$anim: int fade_out
com.wubydax.romcontrol.v2.R$animator: int fadein
com.wubydax.romcontrol.v2.R$animator: int fadeout
com.wubydax.romcontrol.v2.R$array: int SignalPositionName
com.wubydax.romcontrol.v2.R$array: int SignalPositionValue
com.wubydax.romcontrol.v2.R$array: int about_contact_us_drawables
com.wubydax.romcontrol.v2.R$array: int about_contact_us_links
com.wubydax.romcontrol.v2.R$array: int about_contact_us_text
com.wubydax.romcontrol.v2.R$array: int about_credits_drawables
com.wubydax.romcontrol.v2.R$array: int about_credits_links
com.wubydax.romcontrol.v2.R$array: int about_credits_names
com.wubydax.romcontrol.v2.R$array: int about_team_drawables
com.wubydax.romcontrol.v2.R$array: int about_team_links
com.wubydax.romcontrol.v2.R$array: int about_team_names
com.wubydax.romcontrol.v2.R$array: int alarm_drawables
com.wubydax.romcontrol.v2.R$array: int alarm_entries
com.wubydax.romcontrol.v2.R$array: int alarm_values
com.wubydax.romcontrol.v2.R$array: int ambient_light_entries
com.wubydax.romcontrol.v2.R$array: int ambient_light_values
com.wubydax.romcontrol.v2.R$array: int arrow_position_entries
com.wubydax.romcontrol.v2.R$array: int arrow_position_values
com.wubydax.romcontrol.v2.R$array: int backup_restore_items
com.wubydax.romcontrol.v2.R$array: int battery_bar_entries
com.wubydax.romcontrol.v2.R$array: int battery_bar_style_entries
com.wubydax.romcontrol.v2.R$array: int battery_bar_style_values
com.wubydax.romcontrol.v2.R$array: int battery_bar_thickness_entries
com.wubydax.romcontrol.v2.R$array: int battery_bar_thickness_values
...
android.support.design.widget.Snackbar$SnackbarLayout
android.support.design.widget.Snackbar$SnackbarLayout: Snackbar$SnackbarLayout(android.content.Context)
android.support.design.widget.Snackbar$SnackbarLayout: Snackbar$SnackbarLayout(android.content.Context,android.util.AttributeSet)
android.support.design.widget.Snackbar$SnackbarLayout: android.widget.TextView getMessageView()
android.support.design.widget.Snackbar$SnackbarLayout: android.widget.Button getActionView()
android.support.design.widget.Snackbar$SnackbarLayout: void setOnLayoutChangeListener(android.support.design.widget.Snackbar$SnackbarLayout$OnLayoutChangeListener)
android.support.design.widget.Snackbar$SnackbarLayout: void setOnAttachStateChangeListener(android.support.design.widget.Snackbar$SnackbarLayout$OnAttachStateChangeListener)
android.support.design.widget.SwipeDismissBehavior
android.support.design.widget.SwipeDismissBehavior: SwipeDismissBehavior()
android.support.design.widget.TabLayout: void setSelectedTabIndicatorColor(int)
android.support.design.widget.TabLayout: void setSelectedTabIndicatorHeight(int)
android.support.design.widget.TabLayout: float getScrollPosition()
android.support.design.widget.TabLayout: void setOnTabSelectedListener(android.support.design.widget.TabLayout$OnTabSelectedListener)
android.support.design.widget.TabLayout: int getTabCount()
android.support.design.widget.TabLayout: int getSelectedTabPosition()
android.support.design.widget.TabLayout: void setTabMode(int)
android.support.design.widget.TabLayout: int getTabMode()
android.support.design.widget.TabLayout: void setTabGravity(int)
android.support.design.widget.TabLayout: int getTabGravity()
android.support.design.widget.TabLayout: void setTabTextColors(android.content.res.ColorStateList)
android.support.design.widget.TabLayout: android.content.res.ColorStateList getTabTextColors()
android.support.design.widget.TabLayout: void setupWithViewPager(android.support.v4.view.ViewPager)
android.support.design.widget.TabLayout: void setTabsFromPagerAdapter(android.support.v4.view.PagerAdapter)
android.support.design.widget.TabLayout: int getTabScrollRange()
android.support.design.widget.TabLayout: void setSelectedTabView(int)
android.support.design.widget.TabLayout: int getDefaultHeight()
android.support.design.widget.TabLayout: int getTabMinWidth()
android.support.design.widget.TabLayout: int getTabMaxWidth()
android.support.design.widget.TextInputLayout: void setTypeface(android.graphics.Typeface)
android.support.design.widget.TextInputLayout: android.graphics.Typeface getTypeface()
android.support.design.widget.TextInputLayout: void setEditText(android.widget.EditText)
android.support.design.widget.TextInputLayout: android.widget.EditText getEditText()
android.support.design.widget.TextInputLayout: void setHint(java.lang.CharSequence)
android.support.design.widget.TextInputLayout: void setHintInternal(java.lang.CharSequence)
android.support.design.widget.TextInputLayout: java.lang.CharSequence getHint()
android.support.design.widget.TextInputLayout: void setHintEnabled(boolean)
android.support.design.widget.TextInputLayout: void setHintTextAppearance(int)
android.support.design.widget.TextInputLayout: void setErrorEnabled(boolean)
android.support.design.widget.TextInputLayout: void setError(java.lang.CharSequence)
android.support.design.widget.TextInputLayout: void setCounterEnabled(boolean)
android.support.design.widget.TextInputLayout: void setCounterMaxLength(int)
android.support.design.widget.TextInputLayout: void setEnabled(boolean)
android.support.design.widget.TextInputLayout: int getCounterMaxLength()
android.support.design.widget.TextInputLayout: java.lang.CharSequence getError()
android.support.design.widget.TextInputLayout: void setHintAnimationEnabled(boolean)
android.support.design.widget.TextInputLayout: void setPasswordVisibilityToggleDrawable(int)
android.support.design.widget.TextInputLayout$4: void onClick(android.view.View)