app/build/outputs/mapping/release/mapping.txt
com.wubydax.romcontrol.v2.AboutActivity -> com.wubydax.romcontrol.v2.AboutActivity:
    java.lang.Integer[] mContactUsIds -> n
    java.lang.Integer[] mTeamIds -> o
    java.lang.Integer[] mCreditsIds -> p
    boolean $assertionsDisabled -> m
    void <init>() -> <init>
    void onCreate(android.os.Bundle) -> onCreate
    void setUpCreditsItems() -> e
    void setUpTeamItems() -> f
    void setUpAboutItems() -> g
    void onClick(android.view.View) -> onClick
    void <clinit>() -> <clinit>
com.wubydax.romcontrol.v2.MainActivity -> com.wubydax.romcontrol.v2.MainActivity:
    android.app.ProgressDialog mProgressDialog -> n
    android.app.FragmentManager mFragmentManager -> o
    android.content.SharedPreferences mSharedPreferences -> p
    java.util.ArrayList mNavMenuItemsIds -> q
    boolean $assertionsDisabled -> m
    void <init>() -> <init>
    void onCreate(android.os.Bundle) -> onCreate
    void setUpPrefsMenu(android.view.Menu) -> a
    void onBackPressed() -> onBackPressed
    boolean onCreateOptionsMenu(android.view.Menu) -> onCreateOptionsMenu
    boolean onOptionsItemSelected(android.view.MenuItem) -> onOptionsItemSelected
    boolean onNavigationItemSelected(android.view.MenuItem) -> a
    void launchBackupRestoreService(int,java.lang.String) -> a
    void loadPrefsFragment(java.lang.String) -> a
    void onTaskCompleted(boolean) -> b
    void onDialogResult(int) -> b
    void onBackupRestoreResult(int) -> c
    void onPause() -> onPause
    void onRestoreRequested(java.lang.String,boolean) -> a
    android.view.View getDecorView() -> e
    void <clinit>() -> <clinit>
com.wubydax.romcontrol.v2.MyApp -> com.wubydax.romcontrol.v2.MyApp:
    android.content.Context mContext -> a
    void <init>() -> <init>
    android.content.Context getContext() -> a
    void onCreate() -> onCreate
    void onLowMemory() -> onLowMemory
com.wubydax.romcontrol.v2.PrefsFragment -> com.wubydax.romcontrol.v2.a:
    java.lang.String LOG_TAG -> a
    android.content.Context mContext -> b
    android.content.SharedPreferences mSharedPreferences -> c
    java.lang.String mUriPreferenceKey -> d
    void <init>() -> <init>
    com.wubydax.romcontrol.v2.PrefsFragment newInstance(java.lang.String) -> a
    void onCreate(android.os.Bundle) -> onCreate
    void onActivityResult(int,int,android.content.Intent) -> onActivityResult
    void iteratePrefs(android.preference.PreferenceGroup) -> a
    boolean onPreferenceClick(android.preference.Preference) -> onPreferenceClick
    void onUriSelectionRequested(java.lang.String) -> b
    void <clinit>() -> <clinit>
com.wubydax.romcontrol.v2.PrefsFragment$1 -> com.wubydax.romcontrol.v2.a$1:
    android.app.Dialog val$dialog -> a
    com.wubydax.romcontrol.v2.PrefsFragment this$0 -> b
    void <init>(com.wubydax.romcontrol.v2.PrefsFragment,android.app.Dialog) -> <init>
    void onClick(android.view.View) -> onClick
com.wubydax.romcontrol.v2.R -> com.wubydax.romcontrol.v2.b:
...
android.support.v4.widget.DrawerLayout -> android.support.v4.widget.DrawerLayout:
    int[] LAYOUT_ATTRS -> i
    boolean CAN_HIDE_DESCENDANTS -> j
    boolean SET_DRAWER_SHADOW_FROM_ELEVATION -> k
    android.support.v4.widget.DrawerLayout$ChildAccessibilityDelegate mChildAccessibilityDelegate -> l
    float mDrawerElevation -> m
    int mMinDrawerMargin -> n
    int mScrimColor -> o
    float mScrimOpacity -> p
    android.graphics.Paint mScrimPaint -> q
    android.support.v4.widget.ViewDragHelper mLeftDragger -> a
    android.support.v4.widget.ViewDragHelper mRightDragger -> b
    android.support.v4.widget.DrawerLayout$ViewDragCallback mLeftCallback -> r
    android.support.v4.widget.DrawerLayout$ViewDragCallback mRightCallback -> s
    int mDrawerState -> c
    boolean mInLayout -> t
    boolean mFirstLayout -> u
    int mLockModeLeft -> v
    int mLockModeRight -> w
    int mLockModeStart -> x
    int mLockModeEnd -> y
    boolean mDisallowInterceptRequested -> z
    boolean mChildrenCanceledTouch -> d
    android.support.v4.widget.DrawerLayout$DrawerListener mListener -> A
    java.util.List mListeners -> e
    float mInitialMotionX -> B
    float mInitialMotionY -> C
    android.graphics.drawable.Drawable mStatusBarBackground -> D
    android.graphics.drawable.Drawable mShadowLeftResolved -> E
    android.graphics.drawable.Drawable mShadowRightResolved -> F
    java.lang.CharSequence mTitleLeft -> f
    java.lang.CharSequence mTitleRight -> g
android.support.v4.widget.DrawerLayout$AccessibilityDelegate -> android.support.v4.widget.DrawerLayout$a:
    android.graphics.Rect mTmpRect -> c
    android.support.v4.widget.DrawerLayout this$0 -> a
    void <init>(android.support.v4.widget.DrawerLayout) -> <init>
    void onInitializeAccessibilityNodeInfo(android.view.View,android.support.v4.view.accessibility.AccessibilityNodeInfoCompat) -> a
    void onInitializeAccessibilityEvent(android.view.View,android.view.accessibility.AccessibilityEvent) -> a
    boolean dispatchPopulateAccessibilityEvent(android.view.View,android.view.accessibility.AccessibilityEvent) -> c
    boolean onRequestSendAccessibilityEvent(android.view.ViewGroup,android.view.View,android.view.accessibility.AccessibilityEvent) -> a
android.support.v4.widget.DrawerLayout$ChildAccessibilityDelegate -> android.support.v4.widget.DrawerLayout$b:
    android.support.v4.widget.DrawerLayout this$0 -> a
    void <init>(android.support.v4.widget.DrawerLayout) -> <init>
    void onInitializeAccessibilityNodeInfo(android.view.View,android.support.v4.view.accessibility.AccessibilityNodeInfoCompat) -> a
android.support.v4.widget.DrawerLayout$DrawerLayoutCompatImpl -> android.support.v4.widget.DrawerLayout$c:
    void configureApplyInsets(android.view.View) -> a
    void dispatchChildInsets(android.view.View,java.lang.Object,int) -> a
    void applyMarginInsets(android.view.ViewGroup$MarginLayoutParams,java.lang.Object,int) -> a
    int getTopInset(java.lang.Object) -> a
    android.graphics.drawable.Drawable getDefaultStatusBarBackground(android.content.Context) -> a
android.support.v4.widget.DrawerLayout$DrawerLayoutCompatImplApi21 -> android.support.v4.widget.DrawerLayout$d:
    void <init>() -> <init>
    void configureApplyInsets(android.view.View) -> a
    void dispatchChildInsets(android.view.View,java.lang.Object,int) -> a
    void applyMarginInsets(android.view.ViewGroup$MarginLayoutParams,java.lang.Object,int) -> a
    int getTopInset(java.lang.Object) -> a
    android.graphics.drawable.Drawable getDefaultStatusBarBackground(android.content.Context) -> a