app/build/outputs/mapping/release/usage.txt
com.wubydax.romcontrol.v2.BuildConfig
com.wubydax.romcontrol.v2.R:
    10:10:public R()
com.wubydax.romcontrol.v2.R$anim
com.wubydax.romcontrol.v2.R$animator
com.wubydax.romcontrol.v2.R$array
com.wubydax.romcontrol.v2.R$attr
com.wubydax.romcontrol.v2.R$bool
com.wubydax.romcontrol.v2.R$color
com.wubydax.romcontrol.v2.R$dimen
com.wubydax.romcontrol.v2.R$drawable
com.wubydax.romcontrol.v2.R$id
com.wubydax.romcontrol.v2.R$integer
com.wubydax.romcontrol.v2.R$layout
com.wubydax.romcontrol.v2.R$menu
com.wubydax.romcontrol.v2.R$mipmap
com.wubydax.romcontrol.v2.R$raw
com.wubydax.romcontrol.v2.R$string
com.wubydax.romcontrol.v2.R$style
com.wubydax.romcontrol.v2.R$styleable:
    4291:4291:public R$styleable()
com.wubydax.romcontrol.v2.R$xml
com.wubydax.romcontrol.v2.prefs.ColorPickerDialog:
    178:178:public boolean getHexValueEnabled()
com.wubydax.romcontrol.v2.prefs.ColorPickerPanelView:
    private static final float BORDER_WIDTH_PX
com.wubydax.romcontrol.v2.prefs.ColorPickerPreference:
    294:296:public void setColor(int)
com.wubydax.romcontrol.v2.prefs.ColorPickerView:
    private static final int PANEL_SAT_VAL
    private static final int PANEL_HUE
    private static final int PANEL_ALPHA
    private static final float BORDER_WIDTH_PX
com.wubydax.romcontrol.v2.prefs.GlobalRestorePreference
com.wubydax.romcontrol.v2.prefs.MyPreferenceCategory
com.wubydax.romcontrol.v2.prefs.ThumbnailListPreference:
    158:158:public java.lang.CharSequence[] getEntries()
    162:163:public void setEntries(java.lang.CharSequence[])
    166:166:public java.lang.CharSequence[] getEntryValues()
    170:171:public void setEntryValues(java.lang.CharSequence[])
    174:174:public android.graphics.drawable.Drawable[] getDrawableArray()
    178:179:public void setDrawableArray(android.graphics.drawable.Drawable[])
com.wubydax.romcontrol.v2.prefs.UriSelectionPreference:
    49:49:public com.wubydax.romcontrol.v2.prefs.UriSelectionPreference$OnUriSelectionRequestedListener getOnUriSelectionRequestedListener()
com.wubydax.romcontrol.v2.utils.BackupRestoreIntentService$LocalReceiver:
    static final java.lang.String BACKUP_COMPLETE_ACTION
    static final java.lang.String RESTORE_COMPLETE_ACTION
com.wubydax.romcontrol.v2.utils.Constants:
    static final java.lang.String DIALOG_REQUEST_CODE_KEY
    static final java.lang.String DIALOG_RESTORE_IS_CONFIRM_REQUIRED
    static final java.lang.String SCRIPTS_FOLDER
    public static final java.lang.String BACKUP_FILE_PATH_EXTRA_KEY
    public static final java.lang.String FIRST_LAUNCH_KEY
    public static final java.lang.String LAST_FRAGMENT
    public static final java.lang.String PREF_NAME_KEY
    public static final java.lang.String SERVICE_INTENT_ACTION_BACKUP
    public static final java.lang.String SERVICE_INTENT_ACTION_RESTORE
    public static final java.lang.String THEME_PREF_KEY
    public static final int BACKUP_OR_RESTORE_DIALOG_REQUEST_CODE
    public static final int CHANGELOG_DIALOG_REQUEST_CODE
    public static final int NO_SU_DIALOG_REQUEST_CODE
    public static final int REBOOT_MENU_DIALOG_REQUEST_CODE
    public static final int RESTORE_FILE_SELECTOR_DIALOG_REQUEST_CODE
    public static final int THEME_DIALOG_REQUEST_CODE
    22:22:public Constants()
com.wubydax.romcontrol.v2.utils.Utils:
    private static final java.lang.String LOG_TAG
    51:51:public Utils()
    160:168:private static float getDegreesForRotation(int)
...
android.support.design.widget.TabLayout$OnTabSelectedListener
android.support.design.widget.TabLayout$PagerAdapterObserver
android.support.design.widget.TabLayout$SlidingTabStrip
android.support.design.widget.TabLayout$SlidingTabStrip$1
android.support.design.widget.TabLayout$SlidingTabStrip$2
android.support.design.widget.TabLayout$Tab
android.support.design.widget.TabLayout$TabGravity
android.support.design.widget.TabLayout$TabLayoutOnPageChangeListener
android.support.design.widget.TabLayout$TabView
android.support.design.widget.TabLayout$ViewPagerOnTabSelectedListener
android.support.design.widget.TextInputEditText
android.support.design.widget.TextInputLayout
android.support.design.widget.TextInputLayout$1
android.support.design.widget.TextInputLayout$2
android.support.design.widget.TextInputLayout$3
android.support.design.widget.TextInputLayout$4
android.support.design.widget.TextInputLayout$5
android.support.design.widget.TextInputLayout$SavedState
android.support.design.widget.TextInputLayout$SavedState$1
android.support.design.widget.TextInputLayout$TextInputAccessibilityDelegate
android.support.design.widget.ThemeUtils:
    23:23:ThemeUtils()
android.support.design.widget.ValueAnimatorCompat:
    179:179:public float getAnimatedFloatValue()
    199:199:public long getDuration()
android.support.design.widget.ValueAnimatorCompat$Impl:
    abstract float getAnimatedFloatValue()
    abstract long getDuration()
android.support.design.widget.ValueAnimatorCompatImplGingerbread:
    private static final int HANDLER_DELAY
    private static final int DEFAULT_DURATION
    125:125:public float getAnimatedFloatValue()
    161:161:public long getDuration()
android.support.design.widget.ValueAnimatorCompatImplHoneycombMr1:
    94:94:public float getAnimatedFloatValue()
    119:119:public long getDuration()
android.support.design.widget.ViewGroupUtils:
    24:41:ViewGroupUtils()
android.support.design.widget.ViewGroupUtilsHoneycomb:
    26:26:ViewGroupUtilsHoneycomb()
android.support.design.widget.ViewOffsetBehavior:
    76:81:public boolean setLeftAndRightOffset(int)
    89:89:public int getLeftAndRightOffset()
android.support.design.widget.ViewOffsetHelper:
    92:92:public int getLeftAndRightOffset()
    100:100:public int getLayoutLeft()
android.support.design.widget.ViewUtils:
    22:22:ViewUtils()
android.support.design.widget.ViewUtilsLollipop:
    29:29:ViewUtilsLollipop()
android.support.fragment.BuildConfig
android.support.graphics.drawable.AndroidResources:
    static final int styleable_VectorDrawable_alpha
    static final int styleable_VectorDrawable_autoMirrored
    static final int styleable_VectorDrawable_height
    static final int styleable_VectorDrawable_name
    static final int styleable_VectorDrawable_tint
    static final int styleable_VectorDrawable_tintMode
    static final int styleable_VectorDrawable_viewportHeight
    static final int styleable_VectorDrawable_viewportWidth
    static final int styleable_VectorDrawable_width
    static final int styleable_VectorDrawableGroup_name
    static final int styleable_VectorDrawableGroup_pivotX
    static final int styleable_VectorDrawableGroup_pivotY
    static final int styleable_VectorDrawableGroup_rotation
    static final int styleable_VectorDrawableGroup_scaleX
    static final int styleable_VectorDrawableGroup_scaleY
    static final int styleable_VectorDrawableGroup_translateX
    static final int styleable_VectorDrawableGroup_translateY
    static final int styleable_VectorDrawablePath_fillAlpha
    static final int styleable_VectorDrawablePath_fillColor
    static final int styleable_VectorDrawablePath_name
    static final int styleable_VectorDrawablePath_pathData
    static final int styleable_VectorDrawablePath_strokeAlpha
    static final int styleable_VectorDrawablePath_strokeColor
    static final int styleable_VectorDrawablePath_strokeLineCap